[ 2025-01-17 07:28:00,555 ] 1025 httpx - INFO - HTTP Request: POST https://dagshub.com/login/oauth/middleman "HTTP/1.1 200 OK"
[ 2025-01-17 07:28:00,761 ] 1025 httpx - INFO - HTTP Request: POST https://dagshub.com/login/oauth/access_token "HTTP/1.1 200 OK"
[ 2025-01-17 07:28:00,962 ] 1025 httpx - INFO - HTTP Request: GET https://dagshub.com/api/v1/user "HTTP/1.1 200 OK"
[ 2025-01-17 07:28:00,967 ] 107 dagshub - INFO - Accessing as mudit.m.aggarwal
[ 2025-01-17 07:28:01,197 ] 1025 httpx - INFO - HTTP Request: GET https://dagshub.com/api/v1/repos/mudit.m.aggarwal/NetworkSecurity "HTTP/1.1 200 OK"
[ 2025-01-17 07:28:01,397 ] 1025 httpx - INFO - HTTP Request: GET https://dagshub.com/api/v1/user "HTTP/1.1 200 OK"
[ 2025-01-17 07:28:01,399 ] 107 dagshub - INFO - Initialized MLflow to track repo "mudit.m.aggarwal/NetworkSecurity"
[ 2025-01-17 07:28:01,400 ] 107 dagshub - INFO - Repository mudit.m.aggarwal/NetworkSecurity initialized!
[ 2025-01-17 07:28:01,400 ] 22 root - INFO - Initiaite data ingeation
[ 2025-01-17 07:28:11,787 ] 71 root - INFO - Perform train test spit ib the dataframe
[ 2025-01-17 07:28:11,788 ] 73 root - INFO - Exited sloit _data_as_train_test method of data_ingestion class
[ 2025-01-17 07:28:12,420 ] 81 root - INFO - Exporting train and test file path.
[ 2025-01-17 07:28:12,424 ] 25 root - INFO - data ingestion completed
[ 2025-01-17 07:28:12,431 ] 31 root - INFO - Initiate the data Validation
[ 2025-01-17 07:28:12,638 ] 48 root - INFO - Required number of columns: 2
[ 2025-01-17 07:28:12,639 ] 49 root - INFO - Data frame has columns: 31
[ 2025-01-17 07:28:12,639 ] 48 root - INFO - Required number of columns: 2
[ 2025-01-17 07:28:12,639 ] 49 root - INFO - Data frame has columns: 31
[ 2025-01-17 07:28:13,640 ] 34 root - INFO - data Validation Completed
[ 2025-01-17 07:28:13,640 ] 41 root - INFO - Initiate the data Transformation
[ 2025-01-17 07:28:13,640 ] 55 root - INFO - Enter inot the instaitae the data Trnasformation
[ 2025-01-17 07:28:13,640 ] 57 root - INFO - Start data Tranformation
[ 2025-01-17 07:28:13,898 ] 42 root - INFO - Enter get _data_tranfomer_object method of tranfomration class
[ 2025-01-17 07:28:13,898 ] 46 root - INFO - initiailise the KNN iimputer
[ 2025-01-17 07:28:13,962 ] 51 root - INFO - Entered the save_object method of MainUtils class
[ 2025-01-17 07:28:13,980 ] 55 root - INFO - Exited the save_object method of MainUtils class
[ 2025-01-17 07:28:13,992 ] 44 root - INFO - data Transformation Completed
[ 2025-01-17 07:28:13,993 ] 47 root - INFO - Model Training Startecd
[ 2025-01-17 07:51:47,018 ] 51 root - INFO - Entered the save_object method of MainUtils class
[ 2025-01-17 07:51:47,042 ] 55 root - INFO - Exited the save_object method of MainUtils class
[ 2025-01-17 07:51:47,042 ] 135 root - INFO - Model trainer artifact 
[ 2025-01-17 07:51:47,048 ] 52 root - INFO - Model Training Completed
