[ 2025-01-17 08:06:32,793 ] 1025 httpx - INFO - HTTP Request: GET https://dagshub.com/api/v1/user "HTTP/1.1 200 OK"
[ 2025-01-17 08:06:32,802 ] 107 dagshub - INFO - Accessing as mudit.m.aggarwal
[ 2025-01-17 08:06:33,048 ] 1025 httpx - INFO - HTTP Request: GET https://dagshub.com/api/v1/repos/mudit.m.aggarwal/NetworkSecurity "HTTP/1.1 200 OK"
[ 2025-01-17 08:06:33,249 ] 1025 httpx - INFO - HTTP Request: GET https://dagshub.com/api/v1/user "HTTP/1.1 200 OK"
[ 2025-01-17 08:06:33,251 ] 107 dagshub - INFO - Initialized MLflow to track repo "mudit.m.aggarwal/NetworkSecurity"
[ 2025-01-17 08:06:33,252 ] 107 dagshub - INFO - Repository mudit.m.aggarwal/NetworkSecurity initialized!
[ 2025-01-17 08:06:33,252 ] 22 root - INFO - Initiaite data ingeation
[ 2025-01-17 08:06:42,390 ] 71 root - INFO - Perform train test spit ib the dataframe
[ 2025-01-17 08:06:42,391 ] 73 root - INFO - Exited sloit _data_as_train_test method of data_ingestion class
[ 2025-01-17 08:06:43,039 ] 81 root - INFO - Exporting train and test file path.
[ 2025-01-17 08:06:43,043 ] 25 root - INFO - data ingestion completed
[ 2025-01-17 08:06:43,126 ] 31 root - INFO - Initiate the data Validation
[ 2025-01-17 08:06:43,332 ] 48 root - INFO - Required number of columns: 2
[ 2025-01-17 08:06:43,333 ] 49 root - INFO - Data frame has columns: 31
[ 2025-01-17 08:06:43,333 ] 48 root - INFO - Required number of columns: 2
[ 2025-01-17 08:06:43,333 ] 49 root - INFO - Data frame has columns: 31
[ 2025-01-17 08:06:44,274 ] 34 root - INFO - data Validation Completed
[ 2025-01-17 08:06:44,274 ] 41 root - INFO - Initiate the data Transformation
[ 2025-01-17 08:06:44,274 ] 55 root - INFO - Enter inot the instaitae the data Trnasformation
[ 2025-01-17 08:06:44,274 ] 57 root - INFO - Start data Tranformation
[ 2025-01-17 08:06:44,542 ] 42 root - INFO - Enter get _data_tranfomer_object method of tranfomration class
[ 2025-01-17 08:06:44,542 ] 46 root - INFO - initiailise the KNN iimputer
[ 2025-01-17 08:06:44,605 ] 51 root - INFO - Entered the save_object method of MainUtils class
[ 2025-01-17 08:06:44,619 ] 55 root - INFO - Exited the save_object method of MainUtils class
[ 2025-01-17 08:06:44,619 ] 51 root - INFO - Entered the save_object method of MainUtils class
[ 2025-01-17 08:06:44,631 ] 55 root - INFO - Exited the save_object method of MainUtils class
[ 2025-01-17 08:06:44,644 ] 44 root - INFO - data Transformation Completed
[ 2025-01-17 08:06:44,644 ] 47 root - INFO - Model Training Startecd
[ 2025-01-17 08:30:42,260 ] 51 root - INFO - Entered the save_object method of MainUtils class
[ 2025-01-17 08:30:42,282 ] 55 root - INFO - Exited the save_object method of MainUtils class
[ 2025-01-17 08:30:42,283 ] 51 root - INFO - Entered the save_object method of MainUtils class
[ 2025-01-17 08:30:42,285 ] 55 root - INFO - Exited the save_object method of MainUtils class
[ 2025-01-17 08:30:42,285 ] 137 root - INFO - Model trainer artifact 
[ 2025-01-17 08:30:42,291 ] 52 root - INFO - Model Training Completed
