[ 2025-01-17 11:56:44,356 ] 1025 httpx - INFO - HTTP Request: GET https://dagshub.com/api/v1/user "HTTP/1.1 200 OK"
[ 2025-01-17 11:56:44,363 ] 107 dagshub - INFO - Accessing as mudit.m.aggarwal
[ 2025-01-17 11:56:44,586 ] 1025 httpx - INFO - HTTP Request: GET https://dagshub.com/api/v1/repos/mudit.m.aggarwal/NetworkSecurity "HTTP/1.1 200 OK"
[ 2025-01-17 11:56:44,813 ] 1025 httpx - INFO - HTTP Request: GET https://dagshub.com/api/v1/user "HTTP/1.1 200 OK"
[ 2025-01-17 11:56:44,815 ] 107 dagshub - INFO - Initialized MLflow to track repo "mudit.m.aggarwal/NetworkSecurity"
[ 2025-01-17 11:56:44,815 ] 107 dagshub - INFO - Repository mudit.m.aggarwal/NetworkSecurity initialized!
[ 2025-01-17 11:56:46,269 ] 31 root - INFO - MongoDB connection successful
[ 2025-01-17 11:57:16,583 ] 67 root - INFO - Starting training pipeline
[ 2025-01-17 11:57:16,583 ] 37 root - INFO - Start Data Ingestion
[ 2025-01-17 11:57:34,812 ] 71 root - INFO - Perform train test spit ib the dataframe
[ 2025-01-17 11:57:34,812 ] 73 root - INFO - Exited sloit _data_as_train_test method of data_ingestion class
[ 2025-01-17 11:57:35,460 ] 81 root - INFO - Exporting train and test file path.
[ 2025-01-17 11:57:35,464 ] 40 root - INFO - Data Ingestion Completed
[ 2025-01-17 11:57:35,465 ] 48 root - INFO - start Data Validation
[ 2025-01-17 11:57:35,683 ] 48 root - INFO - Required number of columns: 2
[ 2025-01-17 11:57:35,683 ] 49 root - INFO - Data frame has columns: 31
[ 2025-01-17 11:57:35,683 ] 48 root - INFO - Required number of columns: 2
[ 2025-01-17 11:57:35,683 ] 49 root - INFO - Data frame has columns: 31
[ 2025-01-17 11:57:36,687 ] 51 root - INFO - Data Validation Completed
[ 2025-01-17 11:57:36,687 ] 59 root - INFO - Start Data Transformation
[ 2025-01-17 11:57:36,687 ] 55 root - INFO - Enter inot the instaitae the data Trnasformation
[ 2025-01-17 11:57:36,687 ] 57 root - INFO - Start data Tranformation
[ 2025-01-17 11:57:36,965 ] 42 root - INFO - Enter get _data_tranfomer_object method of tranfomration class
[ 2025-01-17 11:57:36,965 ] 46 root - INFO - initiailise the KNN iimputer
[ 2025-01-17 11:57:37,028 ] 51 root - INFO - Entered the save_object method of MainUtils class
[ 2025-01-17 11:57:37,041 ] 55 root - INFO - Exited the save_object method of MainUtils class
[ 2025-01-17 11:57:37,042 ] 51 root - INFO - Entered the save_object method of MainUtils class
[ 2025-01-17 11:57:37,060 ] 55 root - INFO - Exited the save_object method of MainUtils class
[ 2025-01-17 11:57:37,074 ] 62 root - INFO - Data Tranformation Completed
[ 2025-01-17 11:57:37,074 ] 70 root - INFO - Start Model Trainer
[ 2025-01-17 12:22:56,233 ] 51 root - INFO - Entered the save_object method of MainUtils class
[ 2025-01-17 12:22:56,332 ] 55 root - INFO - Exited the save_object method of MainUtils class
[ 2025-01-17 12:22:56,332 ] 51 root - INFO - Entered the save_object method of MainUtils class
[ 2025-01-17 12:22:56,400 ] 55 root - INFO - Exited the save_object method of MainUtils class
[ 2025-01-17 12:22:56,400 ] 137 root - INFO - Model trainer artifact 
[ 2025-01-17 12:22:56,411 ] 73 root - INFO - Model Trainer Completed
[ 2025-01-17 12:22:56,412 ] 72 root - INFO - Training pipeline completed successfully
