[ 2025-01-21 07:23:22,033 ] 1025 httpx - INFO - HTTP Request: GET https://dagshub.com/api/v1/user "HTTP/1.1 200 OK"
[ 2025-01-21 07:23:22,043 ] 107 dagshub - INFO - Accessing as mudit.m.aggarwal
[ 2025-01-21 07:23:22,295 ] 1025 httpx - INFO - HTTP Request: GET https://dagshub.com/api/v1/repos/mudit.m.aggarwal/NetworkSecurity "HTTP/1.1 200 OK"
[ 2025-01-21 07:23:22,501 ] 1025 httpx - INFO - HTTP Request: GET https://dagshub.com/api/v1/user "HTTP/1.1 200 OK"
[ 2025-01-21 07:23:22,503 ] 107 dagshub - INFO - Initialized MLflow to track repo "mudit.m.aggarwal/NetworkSecurity"
[ 2025-01-21 07:23:22,504 ] 107 dagshub - INFO - Repository mudit.m.aggarwal/NetworkSecurity initialized!
[ 2025-01-21 07:23:24,007 ] 31 root - INFO - MongoDB connection successful
[ 2025-01-21 07:24:42,288 ] 104 root - INFO - Starting prediction pipeline
[ 2025-01-21 07:26:03,285 ] 67 root - INFO - Starting training pipeline
[ 2025-01-21 07:26:03,287 ] 42 root - INFO - Start Data Ingestion
[ 2025-01-21 07:26:13,249 ] 71 root - INFO - Perform train test spit ib the dataframe
[ 2025-01-21 07:26:13,250 ] 73 root - INFO - Exited sloit _data_as_train_test method of data_ingestion class
[ 2025-01-21 07:26:13,967 ] 81 root - INFO - Exporting train and test file path.
[ 2025-01-21 07:26:13,971 ] 45 root - INFO - Data Ingestion Completed
[ 2025-01-21 07:26:13,971 ] 53 root - INFO - start Data Validation
[ 2025-01-21 07:26:14,191 ] 48 root - INFO - Required number of columns: 2
[ 2025-01-21 07:26:14,192 ] 49 root - INFO - Data frame has columns: 31
[ 2025-01-21 07:26:14,192 ] 48 root - INFO - Required number of columns: 2
[ 2025-01-21 07:26:14,192 ] 49 root - INFO - Data frame has columns: 31
[ 2025-01-21 07:26:15,320 ] 56 root - INFO - Data Validation Completed
[ 2025-01-21 07:26:15,320 ] 64 root - INFO - Start Data Transformation
[ 2025-01-21 07:26:15,320 ] 55 root - INFO - Enter inot the instaitae the data Trnasformation
[ 2025-01-21 07:26:15,320 ] 57 root - INFO - Start data Tranformation
[ 2025-01-21 07:26:15,662 ] 42 root - INFO - Enter get _data_tranfomer_object method of tranfomration class
[ 2025-01-21 07:26:15,662 ] 46 root - INFO - initiailise the KNN iimputer
[ 2025-01-21 07:26:15,729 ] 51 root - INFO - Entered the save_object method of MainUtils class
[ 2025-01-21 07:26:15,745 ] 55 root - INFO - Exited the save_object method of MainUtils class
[ 2025-01-21 07:26:15,746 ] 51 root - INFO - Entered the save_object method of MainUtils class
[ 2025-01-21 07:26:15,761 ] 55 root - INFO - Exited the save_object method of MainUtils class
[ 2025-01-21 07:26:15,774 ] 67 root - INFO - Data Tranformation Completed
[ 2025-01-21 07:26:15,774 ] 75 root - INFO - Start Model Trainer
[ 2025-01-21 07:50:14,224 ] 51 root - INFO - Entered the save_object method of MainUtils class
[ 2025-01-21 07:50:14,248 ] 55 root - INFO - Exited the save_object method of MainUtils class
[ 2025-01-21 07:50:14,249 ] 51 root - INFO - Entered the save_object method of MainUtils class
[ 2025-01-21 07:50:14,258 ] 55 root - INFO - Exited the save_object method of MainUtils class
[ 2025-01-21 07:50:14,258 ] 137 root - INFO - Model trainer artifact 
[ 2025-01-21 07:50:14,264 ] 78 root - INFO - Model Trainer Completed
[ 2025-01-21 07:50:14,264 ] 89 root - INFO - aws bucket url is s3://netwworksecurity12/01_21_2025_07_23_16
[ 2025-01-21 07:51:12,781 ] 100 root - INFO - aws bucket url is s3://netwworksecurity12/01_21_2025_07_23_16
[ 2025-01-21 07:51:33,643 ] 72 root - INFO - Training pipeline completed successfully
