[ 2025-01-17 09:43:03,620 ] 1025 httpx - INFO - HTTP Request: GET https://dagshub.com/api/v1/user "HTTP/1.1 200 OK"
[ 2025-01-17 09:43:03,626 ] 107 dagshub - INFO - Accessing as mudit.m.aggarwal
[ 2025-01-17 09:43:03,852 ] 1025 httpx - INFO - HTTP Request: GET https://dagshub.com/api/v1/repos/mudit.m.aggarwal/NetworkSecurity "HTTP/1.1 200 OK"
[ 2025-01-17 09:43:04,036 ] 1025 httpx - INFO - HTTP Request: GET https://dagshub.com/api/v1/user "HTTP/1.1 200 OK"
[ 2025-01-17 09:43:04,038 ] 107 dagshub - INFO - Initialized MLflow to track repo "mudit.m.aggarwal/NetworkSecurity"
[ 2025-01-17 09:43:04,039 ] 107 dagshub - INFO - Repository mudit.m.aggarwal/NetworkSecurity initialized!
[ 2025-01-17 09:43:05,373 ] 30 root - INFO - MongoDB connection successful
[ 2025-01-17 09:43:18,595 ] 59 root - INFO - Starting training pipeline
[ 2025-01-17 09:43:18,595 ] 37 root - INFO - Start Data Ingestion
[ 2025-01-17 09:43:29,030 ] 71 root - INFO - Perform train test spit ib the dataframe
[ 2025-01-17 09:43:29,031 ] 73 root - INFO - Exited sloit _data_as_train_test method of data_ingestion class
[ 2025-01-17 09:43:29,674 ] 81 root - INFO - Exporting train and test file path.
[ 2025-01-17 09:43:29,677 ] 40 root - INFO - Data Ingestion Completed
[ 2025-01-17 09:43:29,678 ] 48 root - INFO - start Data Validation
[ 2025-01-17 09:43:29,891 ] 48 root - INFO - Required number of columns: 2
[ 2025-01-17 09:43:29,891 ] 49 root - INFO - Data frame has columns: 31
[ 2025-01-17 09:43:29,891 ] 48 root - INFO - Required number of columns: 2
[ 2025-01-17 09:43:29,891 ] 49 root - INFO - Data frame has columns: 31
[ 2025-01-17 09:43:30,905 ] 51 root - INFO - Data Validation Completed
[ 2025-01-17 09:43:30,906 ] 59 root - INFO - Start Data Transformation
[ 2025-01-17 09:43:30,906 ] 55 root - INFO - Enter inot the instaitae the data Trnasformation
[ 2025-01-17 09:43:30,906 ] 57 root - INFO - Start data Tranformation
[ 2025-01-17 09:43:31,188 ] 42 root - INFO - Enter get _data_tranfomer_object method of tranfomration class
[ 2025-01-17 09:43:31,188 ] 46 root - INFO - initiailise the KNN iimputer
[ 2025-01-17 09:43:31,250 ] 51 root - INFO - Entered the save_object method of MainUtils class
[ 2025-01-17 09:43:31,263 ] 55 root - INFO - Exited the save_object method of MainUtils class
[ 2025-01-17 09:43:31,263 ] 51 root - INFO - Entered the save_object method of MainUtils class
[ 2025-01-17 09:43:31,276 ] 55 root - INFO - Exited the save_object method of MainUtils class
[ 2025-01-17 09:43:31,289 ] 62 root - INFO - Data Tranformation Completed
[ 2025-01-17 09:43:31,289 ] 70 root - INFO - Start Model Trainer
[ 2025-01-17 10:07:21,728 ] 51 root - INFO - Entered the save_object method of MainUtils class
[ 2025-01-17 10:07:21,750 ] 55 root - INFO - Exited the save_object method of MainUtils class
[ 2025-01-17 10:07:21,751 ] 51 root - INFO - Entered the save_object method of MainUtils class
[ 2025-01-17 10:07:21,755 ] 55 root - INFO - Exited the save_object method of MainUtils class
[ 2025-01-17 10:07:21,755 ] 137 root - INFO - Model trainer artifact 
[ 2025-01-17 10:07:21,760 ] 73 root - INFO - Model Trainer Completed
[ 2025-01-17 10:07:21,760 ] 64 root - INFO - Training pipeline completed successfully
